<?xml version="1.0" encoding="UTF-8"?>
<testng-results ignored="0" total="1" passed="1" failed="0" skipped="0">
  <reporter-output>
  </reporter-output>
  <suite started-at="2024-06-01T14:08:23 IST" name="Suite" finished-at="2024-06-01T14:09:24 IST" duration-ms="61037">
    <groups>
    </groups>
    <test started-at="2024-06-01T14:08:23 IST" name="Test" finished-at="2024-06-01T14:09:24 IST" duration-ms="61037">
      <class name="testCases.TC_001_AccountRegistrationTest">
        <test-method is-config="true" signature="setup()[pri:0, instance:testCases.TC_001_AccountRegistrationTest@7ae0a9ec]" started-at="2024-06-01T14:08:23 IST" name="setup" finished-at="2024-06-01T14:09:03 IST" duration-ms="40748" status="PASS">
          <reporter-output>
          </reporter-output>
        </test-method> <!-- setup -->
        <test-method signature="verify_account_registration()[pri:0, instance:testCases.TC_001_AccountRegistrationTest@7ae0a9ec]" started-at="2024-06-01T14:09:04 IST" name="verify_account_registration" finished-at="2024-06-01T14:09:24 IST" duration-ms="20155" status="PASS">
          <reporter-output>
          </reporter-output>
        </test-method> <!-- verify_account_registration -->
        <test-method is-config="true" signature="tearDown()[pri:0, instance:testCases.TC_001_AccountRegistrationTest@7ae0a9ec]" started-at="2024-06-01T14:09:24 IST" name="tearDown" finished-at="2024-06-01T14:09:24 IST" duration-ms="6" status="PASS">
          <reporter-output>
          </reporter-output>
        </test-method> <!-- tearDown -->
      </class> <!-- testCases.TC_001_AccountRegistrationTest -->
    </test> <!-- Test -->
  </suite> <!-- Suite -->
</testng-results>
